Heap:
 PSYoungGen      total 495104K, used 275798K [0x00000000e0000000, 0x00000000fff80000, 0x0000000100000000)
  eden space 465920K, 56% used [0x00000000e0000000,0x00000000f019d420,0x00000000fc700000)
  from space 29184K, 41% used [0x00000000fe300000,0x00000000feeb8768,0x00000000fff80000)
  to   space 28672K, 0% used [0x00000000fc700000,0x00000000fc700000,0x00000000fe300000)
 ParOldGen       total 122368K, used 50863K [0x00000000a0000000, 0x00000000a7780000, 0x00000000e0000000)
  object space 122368K, 41% used [0x00000000a0000000,0x00000000a31abf50,0x00000000a7780000)
 Metaspace       used 68018K, capacity 71786K, committed 71936K, reserved 1112064K
  class space    used 9023K, capacity 9899K, committed 9984K, reserved 1048576K
GC Heap History (10 events):
Event: 16.138 GC heap before
{Heap before GC invocations=9 (full 2):
 PSYoungGen      total 232448K, used 218112K [0x00000000e0000000, 0x00000000f0700000, 0x0000000100000000)
  eden space 218112K, 100% used [0x00000000e0000000,0x00000000ed500000,0x00000000ed500000)
  from space 14336K, 0% used [0x00000000ee280000,0x00000000ee280000,0x00000000ef080000)
  to   space 13824K, 0% used [0x00000000ed500000,0x00000000ed500000,0x00000000ee280000)
 ParOldGen       total 71168K, used 15678K [0x00000000a0000000, 0x00000000a4580000, 0x00000000e0000000)
  object space 71168K, 22% used [0x00000000a0000000,0x00000000a0f4fb00,0x00000000a4580000)
 Metaspace       used 47066K, capacity 48126K, committed 48256K, reserved 1091584K
  class space    used 6290K, capacity 6673K, committed 6784K, reserved 1048576K
Event: 16.153 GC heap after
Heap after GC invocations=9 (full 2):
 PSYoungGen      total 231936K, used 13813K [0x00000000e0000000, 0x00000000f9100000, 0x0000000100000000)
  eden space 218112K, 0% used [0x00000000e0000000,0x00000000e0000000,0x00000000ed500000)
  from space 13824K, 99% used [0x00000000ed500000,0x00000000ee27d7d0,0x00000000ee280000)
  to   space 18432K, 0% used [0x00000000f7f00000,0x00000000f7f00000,0x00000000f9100000)
 ParOldGen       total 71168K, used 20468K [0x00000000a0000000, 0x00000000a4580000, 0x00000000e0000000)
  object space 71168K, 28% used [0x00000000a0000000,0x00000000a13fd158,0x00000000a4580000)
 Metaspace       used 47066K, capacity 48126K, committed 48256K, reserved 1091584K
  class space    used 6290K, capacity 6673K, committed 6784K, reserved 1048576K
}
Event: 18.025 GC heap before
{Heap before GC invocations=10 (full 2):
 PSYoungGen      total 231936K, used 231925K [0x00000000e0000000, 0x00000000f9100000, 0x0000000100000000)
  eden space 218112K, 100% used [0x00000000e0000000,0x00000000ed500000,0x00000000ed500000)
  from space 13824K, 99% used [0x00000000ed500000,0x00000000ee27d7d0,0x00000000ee280000)
  to   space 18432K, 0% used [0x00000000f7f00000,0x00000000f7f00000,0x00000000f9100000)
 ParOldGen       total 71168K, used 20468K [0x00000000a0000000, 0x00000000a4580000, 0x00000000e0000000)
  object space 71168K, 28% used [0x00000000a0000000,0x00000000a13fd158,0x00000000a4580000)
 Metaspace       used 55220K, capacity 57260K, committed 57344K, reserved 1097728K
  class space    used 7576K, capacity 8109K, committed 8192K, reserved 1048576K
Event: 18.063 GC heap after
Heap after GC invocations=10 (full 2):
 PSYoungGen      total 382464K, used 18400K [0x00000000e0000000, 0x00000000f9e00000, 0x0000000100000000)
  eden space 364032K, 0% used [0x00000000e0000000,0x00000000e0000000,0x00000000f6380000)
  from space 18432K, 99% used [0x00000000f7f00000,0x00000000f90f8210,0x00000000f9100000)
  to   space 28160K, 0% used [0x00000000f6380000,0x00000000f6380000,0x00000000f7f00000)
 ParOldGen       total 71168K, used 36718K [0x00000000a0000000, 0x00000000a4580000, 0x00000000e0000000)
  object space 71168K, 51% used [0x00000000a0000000,0x00000000a23db920,0x00000000a4580000)
 Metaspace       used 55220K, capacity 57260K, committed 57344K, reserved 1097728K
  class space    used 7576K, capacity 8109K, committed 8192K, reserved 1048576K
}
Event: 19.254 GC heap before
{Heap before GC invocations=11 (full 2):
 PSYoungGen      total 382464K, used 54354K [0x00000000e0000000, 0x00000000f9e00000, 0x0000000100000000)
  eden space 364032K, 9% used [0x00000000e0000000,0x00000000e231c8e8,0x00000000f6380000)
  from space 18432K, 99% used [0x00000000f7f00000,0x00000000f90f8210,0x00000000f9100000)
  to   space 28160K, 0% used [0x00000000f6380000,0x00000000f6380000,0x00000000f7f00000)
 ParOldGen       total 71168K, used 36718K [0x00000000a0000000, 0x00000000a4580000, 0x00000000e0000000)
  object space 71168K, 51% used [0x00000000a0000000,0x00000000a23db920,0x00000000a4580000)
 Metaspace       used 56660K, capacity 58966K, committed 59008K, reserved 1099776K
  class space    used 7716K, capacity 8301K, committed 8320K, reserved 1048576K
Event: 19.340 GC heap after
Heap after GC invocations=11 (full 2):
 PSYoungGen      total 392192K, used 20956K [0x00000000e0000000, 0x0000000100000000, 0x0000000100000000)
  eden space 364032K, 0% used [0x00000000e0000000,0x00000000e0000000,0x00000000f6380000)
  from space 28160K, 74% used [0x00000000f6380000,0x00000000f77f7310,0x00000000f7f00000)
  to   space 29696K, 0% used [0x00000000fe300000,0x00000000fe300000,0x0000000100000000)
 ParOldGen       total 71168K, used 36718K [0x00000000a0000000, 0x00000000a4580000, 0x00000000e0000000)
  object space 71168K, 51% used [0x00000000a0000000,0x00000000a23db920,0x00000000a4580000)
 Metaspace       used 56660K, capacity 58966K, committed 59008K, reserved 1099776K
  class space    used 7716K, capacity 8301K, committed 8320K, reserved 1048576K
}
Event: 19.340 GC heap before
{Heap before GC invocations=12 (full 3):
 PSYoungGen      total 392192K, used 20956K [0x00000000e0000000, 0x0000000100000000, 0x0000000100000000)
  eden space 364032K, 0% used [0x00000000e0000000,0x00000000e0000000,0x00000000f6380000)
  from space 28160K, 74% used [0x00000000f6380000,0x00000000f77f7310,0x00000000f7f00000)
  to   space 29696K, 0% used [0x00000000fe300000,0x00000000fe300000,0x0000000100000000)
 ParOldGen       total 71168K, used 36718K [0x00000000a0000000, 0x00000000a4580000, 0x00000000e0000000)
  object space 71168K, 51% used [0x00000000a0000000,0x00000000a23db920,0x00000000a4580000)
 Metaspace       used 56660K, capacity 58966K, committed 59008K, reserved 1099776K
  class space    used 7716K, capacity 8301K, committed 8320K, reserved 1048576K
Event: 19.615 GC heap after
Heap after GC invocations=12 (full 3):
 PSYoungGen      total 392192K, used 0K [0x00000000e0000000, 0x0000000100000000, 0x0000000100000000)
  eden space 364032K, 0% used [0x00000000e0000000,0x00000000e0000000,0x00000000f6380000)
  from space 28160K, 0% used [0x00000000f6380000,0x00000000f6380000,0x00000000f7f00000)
  to   space 29696K, 0% used [0x00000000fe300000,0x00000000fe300000,0x0000000100000000)
 ParOldGen       total 122368K, used 50855K [0x00000000a0000000, 0x00000000a7780000, 0x00000000e0000000)
  object space 122368K, 41% used [0x00000000a0000000,0x00000000a31a9f50,0x00000000a7780000)
 Metaspace       used 56660K, capacity 58966K, committed 59008K, reserved 1099776K
  class space    used 7716K, capacity 8301K, committed 8320K, reserved 1048576K
}
Event: 170.132 GC heap before
{Heap before GC invocations=13 (full 3):
 PSYoungGen      total 392192K, used 364032K [0x00000000e0000000, 0x0000000100000000, 0x0000000100000000)
  eden space 364032K, 100% used [0x00000000e0000000,0x00000000f6380000,0x00000000f6380000)
  from space 28160K, 0% used [0x00000000f6380000,0x00000000f6380000,0x00000000f7f00000)
  to   space 29696K, 0% used [0x00000000fe300000,0x00000000fe300000,0x0000000100000000)
 ParOldGen       total 122368K, used 50855K [0x00000000a0000000, 0x00000000a7780000, 0x00000000e0000000)
  object space 122368K, 41% used [0x00000000a0000000,0x00000000a31a9f50,0x00000000a7780000)
 Metaspace       used 64700K, capacity 67964K, committed 68096K, reserved 1107968K
  class space    used 8631K, capacity 9400K, committed 9472K, reserved 1048576K
Event: 170.179 GC heap after
Heap after GC invocations=13 (full 3):
 PSYoungGen      total 495104K, used 12001K [0x00000000e0000000, 0x00000000fff80000, 0x0000000100000000)
  eden space 465920K, 0% used [0x00000000e0000000,0x00000000e0000000,0x00000000fc700000)
  from space 29184K, 41% used [0x00000000fe300000,0x00000000feeb8768,0x00000000fff80000)
  to   space 28672K, 0% used [0x00000000fc700000,0x00000000fc700000,0x00000000fe300000)
 ParOldGen       total 122368K, used 50863K [0x00000000a0000000, 0x00000000a7780000, 0x00000000e0000000)
  object space 122368K, 41% used [0x00000000a0000000,0x00000000a31abf50,0x00000000a7780000)
 Metaspace       used 64700K, capacity 67964K, committed 68096K, reserved 1107968K
  class space    used 8631K, capacity 9400K, committed 9472K, reserved 1048576K
}

